<?xml version="1.0" encoding="UTF-8"?>
<!-- Generated by org.testng.reporters.JUnitReportReporter -->
<testsuite hostname="testqw" failures="0" tests="1" name="TypesOfAddBodyInRequest.ByorgJson" time="1.932" errors="0" timestamp="2024-12-05T19:32:24 IST" skipped="0">
  <testcase classname="TypesOfAddBodyInRequest.ByorgJson" name="testPostUsingJsonLib" time="1.932"/>
</testsuite> <!-- TypesOfAddBodyInRequest.ByorgJson -->
