<?xml version="1.0" encoding="UTF-8"?>
<!-- Generated by org.testng.reporters.JUnitReportReporter -->
<testsuite hostname="testqw" failures="0" tests="2" name="class1" time="2.389" errors="0" timestamp="2024-11-30T17:43:54 IST" skipped="0">
  <testcase classname="class1" name="function1" time="0.214"/>
  <testcase classname="class1" name="BDDStyleRest" time="2.175"/>
</testsuite> <!-- class1 -->
