<?xml version="1.0" encoding="UTF-8"?>
<!-- Generated by org.testng.reporters.JUnitReportReporter -->
<testsuite hostname="testqw" failures="0" tests="2" name="postClass" time="1.647" errors="0" timestamp="2024-12-04T14:04:52 IST" skipped="0">
  <testcase classname="postClass" name="PostRequest" time="1.634"/>
  <testcase classname="postClass" name="putApiTest" time="0.013"/>
</testsuite> <!-- postClass -->
